<?xml version="1.0" encoding="UTF-8"?>
<testsuite xmlns:xsi="http://www.w3.org/2001/XMLSchema-instance" xsi:noNamespaceSchemaLocation="https://maven.apache.org/surefire/maven-surefire-plugin/xsd/surefire-test-report.xsd" name="tests.LoginUserTests" time="15.528" tests="5" errors="0" skipped="0" failures="0">
  <properties>
[...]
</properties>
  <testcase name="loginUserIncorrectPassword" classname="tests.LoginUserTests" time="2.376"/>
  <testcase name="loginUserMissedEmail" classname="tests.LoginUserTests" time="1.522"/>
  <testcase name="loginUserIncorrectEmail" classname="tests.LoginUserTests" time="6.328"/>
  <testcase name="loginUserMissedPassword" classname="tests.LoginUserTests" time="3.409"/>
  <testcase name="loginUserWithExistData" classname="tests.LoginUserTests" time="1.885"/>
</testsuite>